<?xml version="1.0" encoding="UTF-8"?>
<testng-results ignored="0" total="1" passed="1" failed="0" skipped="0">
  <reporter-output>
  </reporter-output>
  <suite started-at="2019-10-23T11:26:39Z" name="Suite" finished-at="2019-10-23T11:27:10Z" duration-ms="31148">
    <groups>
    </groups>
    <test started-at="2019-10-23T11:26:39Z" name="Test" finished-at="2019-10-23T11:27:10Z" duration-ms="31148">
      <class name="notesprograms.TestNg">
        <test-method is-config="true" signature="setup(java.lang.String)[pri:0, instance:notesprograms.TestNg@c0c2f8d]" started-at="2019-10-23T11:26:39Z" name="setup" finished-at="2019-10-23T11:26:49Z" duration-ms="9198" status="PASS">
          <params>
            <param index="0">
              <value>
                <![CDATA[C:\\Users\\Admin\\Desktop\\Selenium\\Latest Drivers\\chromedriver_win32\\chromedriver.exe]]>
              </value>
            </param>
          </params>
          <reporter-output>
          </reporter-output>
        </test-method> <!-- setup -->
        <test-method signature="login(java.lang.String, java.lang.String, java.lang.String)[pri:0, instance:notesprograms.TestNg@c0c2f8d]" started-at="2019-10-23T11:26:49Z" name="login" finished-at="2019-10-23T11:27:09Z" duration-ms="20795" status="PASS">
          <params>
            <param index="0">
              <value>
                <![CDATA[https://www.facebook.com/]]>
              </value>
            </param>
            <param index="1">
              <value>
                <![CDATA[prudhviR@zz]]>
              </value>
            </param>
            <param index="2">
              <value>
                <![CDATA[fuckyou25]]>
              </value>
            </param>
          </params>
          <reporter-output>
          </reporter-output>
        </test-method> <!-- login -->
        <test-method is-config="true" signature="teardown()[pri:0, instance:notesprograms.TestNg@c0c2f8d]" started-at="2019-10-23T11:27:09Z" name="teardown" finished-at="2019-10-23T11:27:10Z" duration-ms="1105" status="PASS">
          <reporter-output>
          </reporter-output>
        </test-method> <!-- teardown -->
      </class> <!-- notesprograms.TestNg -->
    </test> <!-- Test -->
  </suite> <!-- Suite -->
</testng-results>
