<?xml version="1.0" encoding="UTF-8"?>
<!-- Generated by org.testng.reporters.JUnitXMLReporter -->
<testsuite ignored="0" hostname="DESKTOP-GMUQ901" failures="2" tests="8" name="Retrymultipletestcases" time="0.181" errors="0" timestamp="02 Oct 2019 06:03:14 GMT">
  <testcase classname="retrylogic.Example" name="prudhvi" time="0.019">
    <skipped/>
  </testcase> <!-- prudhvi -->
  <testcase classname="retrylogic.Example" name="prudhvi" time="0.006">
    <skipped/>
  </testcase> <!-- prudhvi -->
  <testcase classname="retrylogic.Example" name="prudhvi" time="0.006">
    <skipped/>
  </testcase> <!-- prudhvi -->
  <testcase classname="retrylogic.Example" name="prudhvi" time="0.004">
    <failure type="java.lang.AssertionError" message="expected [false] but found [true]">
      <![CDATA[java.lang.AssertionError: expected [false] but found [true]
at retrylogic.Example.prudhvi(Example.java:22)
... Removed 31 stack frames]]>
    </failure>
  </testcase> <!-- prudhvi -->
  <testcase classname="retrylogic.Example" name="razz" time="0.01">
    <skipped/>
  </testcase> <!-- razz -->
  <testcase classname="retrylogic.Example" name="razz" time="0.003">
    <skipped/>
  </testcase> <!-- razz -->
  <testcase classname="retrylogic.Example" name="razz" time="0.002">
    <skipped/>
  </testcase> <!-- razz -->
  <testcase classname="retrylogic.Example" name="razz" time="0.009">
    <failure type="java.lang.AssertionError" message="expected [false] but found [true]">
      <![CDATA[java.lang.AssertionError: expected [false] but found [true]
at retrylogic.Example.razz(Example.java:14)
... Removed 31 stack frames]]>
    </failure>
  </testcase> <!-- razz -->
</testsuite> <!-- Retrymultipletestcases -->
